

Processing UsersController#index (for 127.0.0.1 at 2010-09-02 15:52:46) [GET]
  Parameters: {"action"=>"index", "controller"=>"users"}

ActionController::UnknownAction (No action responded to index. Actions: create, edit, new, show, and update):
  

Rendering rescues/layout (not_found)


Processing UsersController#new (for 127.0.0.1 at 2010-09-02 15:52:51) [GET]
  Parameters: {"action"=>"new", "controller"=>"users"}

ActiveRecord::StatementInvalid (Could not find table 'users'):
  app/controllers/users_controller.rb:6:in `new'
  app/controllers/users_controller.rb:6:in `new'

Rendered rescues/_trace (41.2ms)
Rendered rescues/_request_and_response (11.3ms)
Rendering rescues/layout (internal_server_error)
  [4;36;1mSQL (0.3ms)[0m   [0;1m SELECT name
 FROM sqlite_master
 WHERE type = 'table' AND NOT name = 'sqlite_sequence'
[0m
  [4;35;1mSQL (0.1ms)[0m   [0mselect sqlite_version(*)[0m
  [4;36;1mSQL (92.4ms)[0m   [0;1mCREATE TABLE "schema_migrations" ("version" varchar(255) NOT NULL) [0m
  [4;35;1mSQL (0.1ms)[0m   [0mPRAGMA index_list("schema_migrations")[0m
  [4;36;1mSQL (61.3ms)[0m   [0;1mCREATE UNIQUE INDEX "unique_schema_migrations" ON "schema_migrations" ("version")[0m
  [4;35;1mSQL (0.2ms)[0m   [0m SELECT name
 FROM sqlite_master
 WHERE type = 'table' AND NOT name = 'sqlite_sequence'
[0m
  [4;36;1mSQL (0.1ms)[0m   [0;1mSELECT version FROM schema_migrations[0m
Migrating to CreateUsers (20100902183958)
  [4;35;1mSQL (0.8ms)[0m   [0mCREATE TABLE "users" ("id" INTEGER PRIMARY KEY AUTOINCREMENT NOT NULL, "full_name" varchar(255), "login" varchar(255) NOT NULL, "email" varchar(255) NOT NULL, "crypted_password" varchar(255) NOT NULL, "password_salt" varchar(255) NOT NULL, "persistence_token" varchar(255) NOT NULL, "single_access_token" varchar(255) NOT NULL, "perishable_token" varchar(255) NOT NULL, "login_count" integer DEFAULT 0 NOT NULL, "failed_login_count" integer DEFAULT 0 NOT NULL, "last_request_at" datetime, "current_login_at" datetime, "last_login_at" datetime, "current_login_ip" varchar(255), "last_login_ip" varchar(255), "created_at" datetime, "updated_at" datetime) [0m
  [4;36;1mSQL (0.1ms)[0m   [0;1mINSERT INTO schema_migrations (version) VALUES ('20100902183958')[0m
  [4;35;1mSQL (0.2ms)[0m   [0m SELECT name
 FROM sqlite_master
 WHERE type = 'table' AND NOT name = 'sqlite_sequence'
[0m
  [4;36;1mSQL (0.1ms)[0m   [0;1mSELECT version FROM schema_migrations[0m
  [4;35;1mSQL (0.1ms)[0m   [0m SELECT name
 FROM sqlite_master
 WHERE type = 'table' AND NOT name = 'sqlite_sequence'
[0m
  [4;36;1mSQL (0.0ms)[0m   [0;1mPRAGMA index_list("users")[0m


Processing UsersController#new (for 127.0.0.1 at 2010-09-02 15:53:10) [GET]
  Parameters: {"action"=>"new", "controller"=>"users"}
Rendering users/new
Rendered users/_form (2.2ms)
Completed in 23ms (View: 13, DB: 0) | 200 OK [http://localhost/users/new]


Processing UsersController#index (for 127.0.0.1 at 2010-09-02 15:53:37) [GET]
  Parameters: {"action"=>"index", "controller"=>"users"}

ActionController::UnknownAction (No action responded to index. Actions: create, edit, new, show, and update):
  

Rendering rescues/layout (not_found)


Processing UsersController#new (for 127.0.0.1 at 2010-09-02 15:54:12) [GET]
  Parameters: {"action"=>"new", "controller"=>"users"}
Rendering users/new
Rendered users/_form (2.5ms)
Completed in 24ms (View: 13, DB: 0) | 200 OK [http://localhost/users/new]


Processing UsersController#create (for 127.0.0.1 at 2010-09-02 15:54:21) [POST]
  Parameters: {"commit"=>"Register", "action"=>"create", "authenticity_token"=>"6Dp0+CsDAOneI+4CqhKn8AQL60wla6llOPbQX731I5U=", "controller"=>"users", "user"=>{"password_confirmation"=>"[FILTERED]", "password"=>"[FILTERED]", "login"=>"pablo"}}
  [4;36;1mUser Load (0.2ms)[0m   [0;1mSELECT "users".id FROM "users" WHERE (LOWER("users"."login") = 'pablo') LIMIT 1[0m
  [4;35;1mUser Load (0.1ms)[0m   [0mSELECT "users".id FROM "users" WHERE ("users"."persistence_token" = 'c90f9422154ab91ba663f7d2ac558ffa66a6a91258deec5dce2bfa8e112d94e683aa03df8f670e11e98339cae9c2bea47963b11b017257a954f2b2cf442ff6f5') LIMIT 1[0m
  [4;36;1mUser Load (0.1ms)[0m   [0;1mSELECT "users".id FROM "users" WHERE ("users"."single_access_token" = 'snB4ZBbuh4gFhWD5LfPj') LIMIT 1[0m
Rendering users/new
Rendered users/_form (1.7ms)
Completed in 170ms (View: 6, DB: 0) | 200 OK [http://localhost/account]


Processing UsersController#create (for 127.0.0.1 at 2010-09-02 15:57:10) [POST]
  Parameters: {"commit"=>"Register", "action"=>"create", "authenticity_token"=>"6Dp0+CsDAOneI+4CqhKn8AQL60wla6llOPbQX731I5U=", "controller"=>"users", "user"=>{"password_confirmation"=>"[FILTERED]", "password"=>"[FILTERED]", "login"=>"pablo"}}
  [4;35;1mUser Load (0.1ms)[0m   [0mSELECT "users".id FROM "users" WHERE (LOWER("users"."login") = 'pablo') LIMIT 1[0m
  [4;36;1mUser Load (0.1ms)[0m   [0;1mSELECT "users".id FROM "users" WHERE ("users"."persistence_token" = '511dab0d44a1be22983a1ea9afe1d179ac66e49e1e8e38fd0de101c8ffafdae7eea0d2d9aeb26a05469a1e3eacdffe7f1ac1e121b2c14748283e07f6cf1d601b') LIMIT 1[0m
  [4;35;1mUser Load (0.1ms)[0m   [0mSELECT "users".id FROM "users" WHERE ("users"."single_access_token" = 'wLqLfAf3PAyZGuKR62JS') LIMIT 1[0m
Rendering users/new
Rendered users/_form (5.2ms)
Completed in 33ms (View: 13, DB: 0) | 200 OK [http://localhost/account]


Processing UsersController#create (for 127.0.0.1 at 2010-09-02 15:57:17) [POST]
  Parameters: {"commit"=>"Register", "action"=>"create", "authenticity_token"=>"6Dp0+CsDAOneI+4CqhKn8AQL60wla6llOPbQX731I5U=", "controller"=>"users", "user"=>{"password_confirmation"=>"[FILTERED]", "password"=>"[FILTERED]", "login"=>"pablo", "email"=>"pablof@insignia4u.com"}}
  [4;36;1mUser Load (1.5ms)[0m   [0;1mSELECT "users".id FROM "users" WHERE (LOWER("users"."email") = 'pablof@insignia4u.com') LIMIT 1[0m
  [4;35;1mUser Load (0.1ms)[0m   [0mSELECT "users".id FROM "users" WHERE (LOWER("users"."login") = 'pablo') LIMIT 1[0m
  [4;36;1mUser Load (0.1ms)[0m   [0;1mSELECT "users".id FROM "users" WHERE ("users"."persistence_token" = 'daeec5298407a7a42b2d97d70e9e6e5f8aba0dffdacd360784d85c04e642aef2889b816fe3c412494a84094fca678c4d0ac781ee2bd03366fafee74ce57f10d5') LIMIT 1[0m
  [4;35;1mUser Load (0.1ms)[0m   [0mSELECT "users".id FROM "users" WHERE ("users"."single_access_token" = 'xA4PIWHgPkYihjoQSHM') LIMIT 1[0m
  [4;36;1mUser Create (0.4ms)[0m   [0;1mINSERT INTO "users" ("single_access_token", "last_request_at", "created_at", "crypted_password", "perishable_token", "updated_at", "failed_login_count", "current_login_ip", "password_salt", "current_login_at", "full_name", "persistence_token", "login_count", "last_login_ip", "login", "last_login_at", "email") VALUES('xA4PIWHgPkYihjoQSHM', '2010-09-02 18:57:17', '2010-09-02 18:57:17', '0b6f63b893c80dd03237d5ffd48b55d28046a80a88f4c9ef76cc1d18441a950a5528bdb775da09da6a8523d4f656e19eb0eae0e5b36ee6ab740675b59f9ce190', 'fIdCIaQNCthS4LHeGm6', '2010-09-02 18:57:17', 0, '127.0.0.1', 'Bfs2Pvo63GZnJB2mZH3', '2010-09-02 18:57:17', NULL, 'daeec5298407a7a42b2d97d70e9e6e5f8aba0dffdacd360784d85c04e642aef2889b816fe3c412494a84094fca678c4d0ac781ee2bd03366fafee74ce57f10d5', 1, NULL, 'pablo', NULL, 'pablof@insignia4u.com')[0m
Redirected to http://localhost:3000/account
Completed in 104ms (DB: 2) | 302 Found [http://localhost/account]


Processing UsersController#show (for 127.0.0.1 at 2010-09-02 15:57:17) [GET]
  Parameters: {"action"=>"show", "controller"=>"users"}
  [4;35;1mUser Load (0.3ms)[0m   [0mSELECT * FROM "users" WHERE ("users"."persistence_token" = 'daeec5298407a7a42b2d97d70e9e6e5f8aba0dffdacd360784d85c04e642aef2889b816fe3c412494a84094fca678c4d0ac781ee2bd03366fafee74ce57f10d5') LIMIT 1[0m
  [4;36;1mUser Update (0.3ms)[0m   [0;1mUPDATE "users" SET "updated_at" = '2010-09-02 18:57:17', "perishable_token" = 'W6s6LZ57VQ85p96I6e1X', "last_request_at" = '2010-09-02 18:57:17' WHERE "id" = 1[0m
Rendering users/show
Completed in 163ms (View: 9, DB: 1) | 200 OK [http://localhost/account]
  [4;36;1mSQL (0.4ms)[0m   [0;1m SELECT name
 FROM sqlite_master
 WHERE type = 'table' AND NOT name = 'sqlite_sequence'
[0m
  [4;35;1mSQL (0.1ms)[0m   [0mSELECT version FROM schema_migrations[0m
Migrating to CreateUsers (20100902183958)
Migrating to AddToUser (20100902190008)
  [4;36;1mSQL (0.1ms)[0m   [0;1mselect sqlite_version(*)[0m
  [4;35;1mSQL (0.3ms)[0m   [0mINSERT INTO schema_migrations (version) VALUES ('20100902190008')[0m
  [4;36;1mSQL (0.3ms)[0m   [0;1m SELECT name
 FROM sqlite_master
 WHERE type = 'table' AND NOT name = 'sqlite_sequence'
[0m
  [4;35;1mSQL (0.2ms)[0m   [0mSELECT version FROM schema_migrations[0m
  [4;36;1mSQL (0.2ms)[0m   [0;1m SELECT name
 FROM sqlite_master
 WHERE type = 'table' AND NOT name = 'sqlite_sequence'
[0m
  [4;35;1mSQL (0.1ms)[0m   [0mPRAGMA index_list("users")[0m


Processing UsersController#show (for 127.0.0.1 at 2010-09-02 16:01:04) [GET]
  Parameters: {"action"=>"show", "controller"=>"users"}
  [4;36;1mUser Load (0.3ms)[0m   [0;1mSELECT * FROM "users" WHERE ("users"."persistence_token" = 'daeec5298407a7a42b2d97d70e9e6e5f8aba0dffdacd360784d85c04e642aef2889b816fe3c412494a84094fca678c4d0ac781ee2bd03366fafee74ce57f10d5') LIMIT 1[0m
  [4;35;1mUser Update (0.4ms)[0m   [0mUPDATE "users" SET "updated_at" = '2010-09-02 19:01:04', "perishable_token" = 'JXsWLSmaHpl0jaApFnJp', "last_request_at" = '2010-09-02 19:01:04' WHERE "id" = 1[0m
Rendering users/show
Completed in 115ms (View: 8, DB: 1) | 200 OK [http://localhost/account]


Processing UsersController#new (for 127.0.0.1 at 2010-09-02 16:01:09) [GET]
  Parameters: {"action"=>"new", "controller"=>"users"}
  [4;36;1mUser Load (0.5ms)[0m   [0;1mSELECT * FROM "users" WHERE ("users"."persistence_token" = 'daeec5298407a7a42b2d97d70e9e6e5f8aba0dffdacd360784d85c04e642aef2889b816fe3c412494a84094fca678c4d0ac781ee2bd03366fafee74ce57f10d5') LIMIT 1[0m
  [4;35;1mUser Update (0.3ms)[0m   [0mUPDATE "users" SET "updated_at" = '2010-09-02 19:01:09', "perishable_token" = '5fIzNwC8QdtWXCm2yiB', "last_request_at" = '2010-09-02 19:01:09' WHERE "id" = 1[0m
Redirected to http://localhost:3000/account
Filter chain halted as [:require_no_user] rendered_or_redirected.
Completed in 81ms (DB: 1) | 302 Found [http://localhost/users/new]


Processing UsersController#show (for 127.0.0.1 at 2010-09-02 16:01:09) [GET]
  Parameters: {"action"=>"show", "controller"=>"users"}
  [4;36;1mUser Load (2.0ms)[0m   [0;1mSELECT * FROM "users" WHERE ("users"."persistence_token" = 'daeec5298407a7a42b2d97d70e9e6e5f8aba0dffdacd360784d85c04e642aef2889b816fe3c412494a84094fca678c4d0ac781ee2bd03366fafee74ce57f10d5') LIMIT 1[0m
  [4;35;1mUser Update (0.3ms)[0m   [0mUPDATE "users" SET "updated_at" = '2010-09-02 19:01:09', "perishable_token" = 'L3uiBIEmh2xhn79ZQFYe', "last_request_at" = '2010-09-02 19:01:09' WHERE "id" = 1[0m
Rendering users/show
Completed in 104ms (View: 2, DB: 2) | 200 OK [http://localhost/account]


Processing UsersController#index (for 127.0.0.1 at 2010-09-02 16:01:16) [GET]
  Parameters: {"action"=>"index", "controller"=>"users"}

ActionController::UnknownAction (No action responded to index. Actions: create, edit, new, show, and update):
  

Rendering rescues/layout (not_found)


Processing UsersController#new (for 127.0.0.1 at 2010-09-02 16:01:20) [GET]
  Parameters: {"action"=>"new", "controller"=>"users"}
  [4;36;1mUser Load (0.3ms)[0m   [0;1mSELECT * FROM "users" WHERE ("users"."persistence_token" = 'daeec5298407a7a42b2d97d70e9e6e5f8aba0dffdacd360784d85c04e642aef2889b816fe3c412494a84094fca678c4d0ac781ee2bd03366fafee74ce57f10d5') LIMIT 1[0m
  [4;35;1mUser Update (0.2ms)[0m   [0mUPDATE "users" SET "updated_at" = '2010-09-02 19:01:20', "perishable_token" = 'EEpPGDBKiHkTkI8z0v9', "last_request_at" = '2010-09-02 19:01:20' WHERE "id" = 1[0m
Redirected to http://localhost:3000/account
Filter chain halted as [:require_no_user] rendered_or_redirected.
Completed in 95ms (DB: 1) | 302 Found [http://localhost/users/new]


Processing UsersController#show (for 127.0.0.1 at 2010-09-02 16:01:21) [GET]
  Parameters: {"action"=>"show", "controller"=>"users"}
  [4;36;1mUser Load (1.1ms)[0m   [0;1mSELECT * FROM "users" WHERE ("users"."persistence_token" = 'daeec5298407a7a42b2d97d70e9e6e5f8aba0dffdacd360784d85c04e642aef2889b816fe3c412494a84094fca678c4d0ac781ee2bd03366fafee74ce57f10d5') LIMIT 1[0m
  [4;35;1mUser Update (0.3ms)[0m   [0mUPDATE "users" SET "updated_at" = '2010-09-02 19:01:21', "perishable_token" = 'voGhs4ahedG8VWGk6YaZ', "last_request_at" = '2010-09-02 19:01:21' WHERE "id" = 1[0m
Rendering users/show
Completed in 97ms (View: 2, DB: 1) | 200 OK [http://localhost/account]


Processing UsersController#edit (for 127.0.0.1 at 2010-09-02 16:01:23) [GET]
  Parameters: {"action"=>"edit", "controller"=>"users"}
  [4;36;1mUser Load (0.3ms)[0m   [0;1mSELECT * FROM "users" WHERE ("users"."persistence_token" = 'daeec5298407a7a42b2d97d70e9e6e5f8aba0dffdacd360784d85c04e642aef2889b816fe3c412494a84094fca678c4d0ac781ee2bd03366fafee74ce57f10d5') LIMIT 1[0m
  [4;35;1mUser Update (0.2ms)[0m   [0mUPDATE "users" SET "updated_at" = '2010-09-02 19:01:23', "perishable_token" = 'dz4h5lh8Kwek9AiS80', "last_request_at" = '2010-09-02 19:01:23' WHERE "id" = 1[0m

ActionView::MissingTemplate (Missing template users/edit.erb in view path app/views):
  

Rendering rescues/layout (internal_server_error)


Processing UsersController#new (for 127.0.0.1 at 2010-09-02 16:01:45) [GET]
  Parameters: {"action"=>"new", "controller"=>"users"}
  [4;36;1mUser Load (0.4ms)[0m   [0;1mSELECT * FROM "users" WHERE ("users"."persistence_token" = 'daeec5298407a7a42b2d97d70e9e6e5f8aba0dffdacd360784d85c04e642aef2889b816fe3c412494a84094fca678c4d0ac781ee2bd03366fafee74ce57f10d5') LIMIT 1[0m
  [4;35;1mUser Update (0.2ms)[0m   [0mUPDATE "users" SET "updated_at" = '2010-09-02 19:01:45', "perishable_token" = 'df0dLT9jC6WqpruINAS', "last_request_at" = '2010-09-02 19:01:45' WHERE "id" = 1[0m
Redirected to http://localhost:3000/account
Filter chain halted as [:require_no_user] rendered_or_redirected.
Completed in 70ms (DB: 1) | 302 Found [http://localhost/users/new]


Processing UsersController#show (for 127.0.0.1 at 2010-09-02 16:01:45) [GET]
  Parameters: {"action"=>"show", "controller"=>"users"}
  [4;36;1mUser Load (0.3ms)[0m   [0;1mSELECT * FROM "users" WHERE ("users"."persistence_token" = 'daeec5298407a7a42b2d97d70e9e6e5f8aba0dffdacd360784d85c04e642aef2889b816fe3c412494a84094fca678c4d0ac781ee2bd03366fafee74ce57f10d5') LIMIT 1[0m
  [4;35;1mUser Update (0.7ms)[0m   [0mUPDATE "users" SET "updated_at" = '2010-09-02 19:01:45', "perishable_token" = 'dzfQ1TfYsaIxoMhgC5Xd', "last_request_at" = '2010-09-02 19:01:45' WHERE "id" = 1[0m
Rendering users/show
Completed in 78ms (View: 2, DB: 1) | 200 OK [http://localhost/account]


Processing UsersController#show (for 127.0.0.1 at 2010-09-02 16:01:54) [GET]
  Parameters: {"action"=>"show", "controller"=>"users"}
  [4;36;1mUser Load (0.3ms)[0m   [0;1mSELECT * FROM "users" WHERE ("users"."persistence_token" = 'daeec5298407a7a42b2d97d70e9e6e5f8aba0dffdacd360784d85c04e642aef2889b816fe3c412494a84094fca678c4d0ac781ee2bd03366fafee74ce57f10d5') LIMIT 1[0m
  [4;35;1mUser Update (0.2ms)[0m   [0mUPDATE "users" SET "updated_at" = '2010-09-02 19:01:54', "perishable_token" = 'HUVdLjjVp1rlowLqUwk', "last_request_at" = '2010-09-02 19:01:54' WHERE "id" = 1[0m
Rendering users/show
Completed in 85ms (View: 2, DB: 1) | 200 OK [http://localhost/account]


Processing UsersController#show (for 127.0.0.1 at 2010-09-02 16:01:54) [GET]
  Parameters: {"action"=>"show", "controller"=>"users"}
  [4;36;1mUser Load (0.3ms)[0m   [0;1mSELECT * FROM "users" WHERE ("users"."persistence_token" = 'daeec5298407a7a42b2d97d70e9e6e5f8aba0dffdacd360784d85c04e642aef2889b816fe3c412494a84094fca678c4d0ac781ee2bd03366fafee74ce57f10d5') LIMIT 1[0m
  [4;35;1mUser Update (0.2ms)[0m   [0mUPDATE "users" SET "updated_at" = '2010-09-02 19:01:54', "perishable_token" = '6f9D0mq9gjCOxMLqlPzP', "last_request_at" = '2010-09-02 19:01:54' WHERE "id" = 1[0m
Rendering users/show
Completed in 80ms (View: 2, DB: 1) | 200 OK [http://localhost/account]


Processing UsersController#show (for 127.0.0.1 at 2010-09-02 16:01:55) [GET]
  Parameters: {"action"=>"show", "controller"=>"users"}
  [4;36;1mUser Load (0.3ms)[0m   [0;1mSELECT * FROM "users" WHERE ("users"."persistence_token" = 'daeec5298407a7a42b2d97d70e9e6e5f8aba0dffdacd360784d85c04e642aef2889b816fe3c412494a84094fca678c4d0ac781ee2bd03366fafee74ce57f10d5') LIMIT 1[0m
  [4;35;1mUser Update (0.2ms)[0m   [0mUPDATE "users" SET "updated_at" = '2010-09-02 19:01:55', "perishable_token" = 'mmH02x2FdnBXOyynda9', "last_request_at" = '2010-09-02 19:01:55' WHERE "id" = 1[0m
Rendering users/show
Completed in 80ms (View: 2, DB: 0) | 200 OK [http://localhost/account]


Processing UsersController#show (for 127.0.0.1 at 2010-09-02 16:01:55) [GET]
  Parameters: {"action"=>"show", "controller"=>"users"}
  [4;36;1mUser Load (0.3ms)[0m   [0;1mSELECT * FROM "users" WHERE ("users"."persistence_token" = 'daeec5298407a7a42b2d97d70e9e6e5f8aba0dffdacd360784d85c04e642aef2889b816fe3c412494a84094fca678c4d0ac781ee2bd03366fafee74ce57f10d5') LIMIT 1[0m
  [4;35;1mUser Update (0.2ms)[0m   [0mUPDATE "users" SET "updated_at" = '2010-09-02 19:01:55', "perishable_token" = 'pKS9yWZvZAnTl2ZcIcP', "last_request_at" = '2010-09-02 19:01:55' WHERE "id" = 1[0m
Rendering users/show
Completed in 77ms (View: 1, DB: 1) | 200 OK [http://localhost/account]


Processing UsersController#show (for 127.0.0.1 at 2010-09-02 16:01:55) [GET]
  Parameters: {"action"=>"show", "controller"=>"users"}
  [4;36;1mUser Load (0.3ms)[0m   [0;1mSELECT * FROM "users" WHERE ("users"."persistence_token" = 'daeec5298407a7a42b2d97d70e9e6e5f8aba0dffdacd360784d85c04e642aef2889b816fe3c412494a84094fca678c4d0ac781ee2bd03366fafee74ce57f10d5') LIMIT 1[0m
  [4;35;1mUser Update (0.2ms)[0m   [0mUPDATE "users" SET "updated_at" = '2010-09-02 19:01:55', "perishable_token" = 'RKnrz5Ud1XqK1ZSKAV77', "last_request_at" = '2010-09-02 19:01:55' WHERE "id" = 1[0m
Rendering users/show
Completed in 71ms (View: 1, DB: 0) | 200 OK [http://localhost/account]


Processing UsersController#show (for 127.0.0.1 at 2010-09-02 16:01:55) [GET]
  Parameters: {"action"=>"show", "controller"=>"users"}
  [4;36;1mUser Load (0.3ms)[0m   [0;1mSELECT * FROM "users" WHERE ("users"."persistence_token" = 'daeec5298407a7a42b2d97d70e9e6e5f8aba0dffdacd360784d85c04e642aef2889b816fe3c412494a84094fca678c4d0ac781ee2bd03366fafee74ce57f10d5') LIMIT 1[0m
  [4;35;1mUser Update (0.2ms)[0m   [0mUPDATE "users" SET "updated_at" = '2010-09-02 19:01:55', "perishable_token" = 'BY60CLaSU3yBZKFhKmo', "last_request_at" = '2010-09-02 19:01:55' WHERE "id" = 1[0m
Rendering users/show
Completed in 69ms (View: 1, DB: 1) | 200 OK [http://localhost/account]


Processing UsersController#show (for 127.0.0.1 at 2010-09-02 16:01:56) [GET]
  Parameters: {"action"=>"show", "controller"=>"users"}
  [4;36;1mUser Load (0.3ms)[0m   [0;1mSELECT * FROM "users" WHERE ("users"."persistence_token" = 'daeec5298407a7a42b2d97d70e9e6e5f8aba0dffdacd360784d85c04e642aef2889b816fe3c412494a84094fca678c4d0ac781ee2bd03366fafee74ce57f10d5') LIMIT 1[0m
  [4;35;1mUser Update (0.2ms)[0m   [0mUPDATE "users" SET "updated_at" = '2010-09-02 19:01:56', "perishable_token" = 'qJAg5ZxIYYEmIuS7hu', "last_request_at" = '2010-09-02 19:01:56' WHERE "id" = 1[0m
Rendering users/show
Completed in 63ms (View: 2, DB: 1) | 200 OK [http://localhost/account]


Processing UsersController#show (for 127.0.0.1 at 2010-09-02 16:01:56) [GET]
  Parameters: {"action"=>"show", "controller"=>"users"}
  [4;36;1mUser Load (0.3ms)[0m   [0;1mSELECT * FROM "users" WHERE ("users"."persistence_token" = 'daeec5298407a7a42b2d97d70e9e6e5f8aba0dffdacd360784d85c04e642aef2889b816fe3c412494a84094fca678c4d0ac781ee2bd03366fafee74ce57f10d5') LIMIT 1[0m
  [4;35;1mUser Update (0.3ms)[0m   [0mUPDATE "users" SET "updated_at" = '2010-09-02 19:01:56', "perishable_token" = '2oF6YcBm0heMkYjbuf', "last_request_at" = '2010-09-02 19:01:56' WHERE "id" = 1[0m
Rendering users/show
Completed in 86ms (View: 2, DB: 1) | 200 OK [http://localhost/account]


Processing UsersController#show (for 127.0.0.1 at 2010-09-02 16:01:56) [GET]
  Parameters: {"action"=>"show", "controller"=>"users"}
  [4;36;1mUser Load (0.3ms)[0m   [0;1mSELECT * FROM "users" WHERE ("users"."persistence_token" = 'daeec5298407a7a42b2d97d70e9e6e5f8aba0dffdacd360784d85c04e642aef2889b816fe3c412494a84094fca678c4d0ac781ee2bd03366fafee74ce57f10d5') LIMIT 1[0m
  [4;35;1mUser Update (0.3ms)[0m   [0mUPDATE "users" SET "updated_at" = '2010-09-02 19:01:56', "perishable_token" = 'Tv6zL5TswXWth9zJD', "last_request_at" = '2010-09-02 19:01:56' WHERE "id" = 1[0m
Rendering users/show
Completed in 63ms (View: 2, DB: 1) | 200 OK [http://localhost/account]


Processing UsersController#show (for 127.0.0.1 at 2010-09-02 16:01:56) [GET]
  Parameters: {"action"=>"show", "controller"=>"users"}
  [4;36;1mUser Load (0.3ms)[0m   [0;1mSELECT * FROM "users" WHERE ("users"."persistence_token" = 'daeec5298407a7a42b2d97d70e9e6e5f8aba0dffdacd360784d85c04e642aef2889b816fe3c412494a84094fca678c4d0ac781ee2bd03366fafee74ce57f10d5') LIMIT 1[0m
  [4;35;1mUser Update (0.4ms)[0m   [0mUPDATE "users" SET "updated_at" = '2010-09-02 19:01:56', "perishable_token" = 'AhhDZ9a58BRTRWHuuOvf', "last_request_at" = '2010-09-02 19:01:56' WHERE "id" = 1[0m
Rendering users/show
Completed in 63ms (View: 1, DB: 1) | 200 OK [http://localhost/account]


Processing UsersController#show (for 127.0.0.1 at 2010-09-02 16:01:57) [GET]
  Parameters: {"action"=>"show", "controller"=>"users"}
  [4;36;1mUser Load (0.3ms)[0m   [0;1mSELECT * FROM "users" WHERE ("users"."persistence_token" = 'daeec5298407a7a42b2d97d70e9e6e5f8aba0dffdacd360784d85c04e642aef2889b816fe3c412494a84094fca678c4d0ac781ee2bd03366fafee74ce57f10d5') LIMIT 1[0m
  [4;35;1mUser Update (0.2ms)[0m   [0mUPDATE "users" SET "updated_at" = '2010-09-02 19:01:57', "perishable_token" = 'KL9Te68AlnTHK2JxVy8I', "last_request_at" = '2010-09-02 19:01:57' WHERE "id" = 1[0m
Rendering users/show
Completed in 72ms (View: 2, DB: 0) | 200 OK [http://localhost/account]


Processing UsersController#show (for 127.0.0.1 at 2010-09-02 16:01:57) [GET]
  Parameters: {"action"=>"show", "controller"=>"users"}
  [4;36;1mUser Load (0.3ms)[0m   [0;1mSELECT * FROM "users" WHERE ("users"."persistence_token" = 'daeec5298407a7a42b2d97d70e9e6e5f8aba0dffdacd360784d85c04e642aef2889b816fe3c412494a84094fca678c4d0ac781ee2bd03366fafee74ce57f10d5') LIMIT 1[0m
  [4;35;1mUser Update (0.2ms)[0m   [0mUPDATE "users" SET "updated_at" = '2010-09-02 19:01:57', "perishable_token" = 'g7VTXjYzim1V8mDKEcc4', "last_request_at" = '2010-09-02 19:01:57' WHERE "id" = 1[0m
Rendering users/show
Completed in 79ms (View: 1, DB: 1) | 200 OK [http://localhost/account]


Processing UsersController#show (for 127.0.0.1 at 2010-09-02 16:01:57) [GET]
  Parameters: {"action"=>"show", "controller"=>"users"}
  [4;36;1mUser Load (0.3ms)[0m   [0;1mSELECT * FROM "users" WHERE ("users"."persistence_token" = 'daeec5298407a7a42b2d97d70e9e6e5f8aba0dffdacd360784d85c04e642aef2889b816fe3c412494a84094fca678c4d0ac781ee2bd03366fafee74ce57f10d5') LIMIT 1[0m
  [4;35;1mUser Update (0.2ms)[0m   [0mUPDATE "users" SET "updated_at" = '2010-09-02 19:01:57', "perishable_token" = 'gSQLlRfPNu54aX6iRcWm', "last_request_at" = '2010-09-02 19:01:57' WHERE "id" = 1[0m
Rendering users/show
Completed in 76ms (View: 2, DB: 1) | 200 OK [http://localhost/account]


Processing UsersController#edit (for 127.0.0.1 at 2010-09-02 16:01:58) [GET]
  Parameters: {"action"=>"edit", "controller"=>"users"}
  [4;36;1mUser Load (0.3ms)[0m   [0;1mSELECT * FROM "users" WHERE ("users"."persistence_token" = 'daeec5298407a7a42b2d97d70e9e6e5f8aba0dffdacd360784d85c04e642aef2889b816fe3c412494a84094fca678c4d0ac781ee2bd03366fafee74ce57f10d5') LIMIT 1[0m
  [4;35;1mUser Update (0.2ms)[0m   [0mUPDATE "users" SET "updated_at" = '2010-09-02 19:01:58', "perishable_token" = '6C2W7fD2Rl6Btc8JSaJ', "last_request_at" = '2010-09-02 19:01:58' WHERE "id" = 1[0m

ActionView::MissingTemplate (Missing template users/edit.erb in view path app/views):
  

Rendering rescues/layout (internal_server_error)
  [4;36;1mSQL (0.4ms)[0m   [0;1m SELECT name
 FROM sqlite_master
 WHERE type = 'table' AND NOT name = 'sqlite_sequence'
[0m
  [4;35;1mSQL (0.1ms)[0m   [0mSELECT version FROM schema_migrations[0m
Migrating to CreateUsers (20100902183958)
Migrating to AddToUser (20100902190008)
Migrating to CreateClients (20100902190833)
  [4;36;1mSQL (0.1ms)[0m   [0;1mselect sqlite_version(*)[0m
  [4;35;1mSQL (0.4ms)[0m   [0mCREATE TABLE "clients" ("id" INTEGER PRIMARY KEY AUTOINCREMENT NOT NULL, "name" varchar(255), "email" varchar(255), "created_at" datetime, "updated_at" datetime) [0m
  [4;36;1mSQL (0.1ms)[0m   [0;1mINSERT INTO schema_migrations (version) VALUES ('20100902190833')[0m
  [4;35;1mSQL (0.2ms)[0m   [0m SELECT name
 FROM sqlite_master
 WHERE type = 'table' AND NOT name = 'sqlite_sequence'
[0m
  [4;36;1mSQL (0.1ms)[0m   [0;1mSELECT version FROM schema_migrations[0m
  [4;35;1mSQL (0.1ms)[0m   [0m SELECT name
 FROM sqlite_master
 WHERE type = 'table' AND NOT name = 'sqlite_sequence'
[0m
  [4;36;1mSQL (0.0ms)[0m   [0;1mPRAGMA index_list("clients")[0m
  [4;35;1mSQL (0.0ms)[0m   [0mPRAGMA index_list("users")[0m


Processing UsersController#show (for 127.0.0.1 at 2010-09-02 16:12:07) [GET]
  Parameters: {"action"=>"show", "controller"=>"users"}
  [4;36;1mUser Load (0.3ms)[0m   [0;1mSELECT * FROM "users" WHERE ("users"."persistence_token" = 'daeec5298407a7a42b2d97d70e9e6e5f8aba0dffdacd360784d85c04e642aef2889b816fe3c412494a84094fca678c4d0ac781ee2bd03366fafee74ce57f10d5') LIMIT 1[0m
  [4;35;1mUser Update (0.4ms)[0m   [0mUPDATE "users" SET "updated_at" = '2010-09-02 19:12:07', "perishable_token" = 'rvAHaU4UP7LP5ZUbBeCY', "last_request_at" = '2010-09-02 19:12:07' WHERE "id" = 1[0m
Rendering users/show
Completed in 115ms (View: 10, DB: 1) | 200 OK [http://localhost/account]


Processing UsersController#show (for 127.0.0.1 at 2010-09-02 16:15:01) [GET]
  Parameters: {"action"=>"show", "controller"=>"users"}
  [4;36;1mUser Load (0.3ms)[0m   [0;1mSELECT * FROM "users" WHERE ("users"."persistence_token" = 'daeec5298407a7a42b2d97d70e9e6e5f8aba0dffdacd360784d85c04e642aef2889b816fe3c412494a84094fca678c4d0ac781ee2bd03366fafee74ce57f10d5') LIMIT 1[0m
  [4;35;1mUser Update (0.4ms)[0m   [0mUPDATE "users" SET "updated_at" = '2010-09-02 19:15:01', "perishable_token" = 'TnuZiFEOQnv3abdKBG8', "last_request_at" = '2010-09-02 19:15:01' WHERE "id" = 1[0m
Rendering users/show
Completed in 111ms (View: 10, DB: 1) | 200 OK [http://localhost/account]


Processing UsersController#show (for 127.0.0.1 at 2010-09-02 16:15:02) [GET]
  Parameters: {"action"=>"show", "controller"=>"users"}
  [4;36;1mUser Load (0.3ms)[0m   [0;1mSELECT * FROM "users" WHERE ("users"."persistence_token" = 'daeec5298407a7a42b2d97d70e9e6e5f8aba0dffdacd360784d85c04e642aef2889b816fe3c412494a84094fca678c4d0ac781ee2bd03366fafee74ce57f10d5') LIMIT 1[0m
  [4;35;1mUser Update (0.2ms)[0m   [0mUPDATE "users" SET "updated_at" = '2010-09-02 19:15:02', "perishable_token" = 'OQfRwo8nU0PosZfdZlJ', "last_request_at" = '2010-09-02 19:15:02' WHERE "id" = 1[0m
Rendering users/show
Completed in 125ms (View: 2, DB: 1) | 200 OK [http://localhost/account]


Processing UsersController#show (for 127.0.0.1 at 2010-09-02 16:15:03) [GET]
  Parameters: {"action"=>"show", "controller"=>"users"}
  [4;36;1mUser Load (0.5ms)[0m   [0;1mSELECT * FROM "users" WHERE ("users"."persistence_token" = 'daeec5298407a7a42b2d97d70e9e6e5f8aba0dffdacd360784d85c04e642aef2889b816fe3c412494a84094fca678c4d0ac781ee2bd03366fafee74ce57f10d5') LIMIT 1[0m
  [4;35;1mUser Update (0.2ms)[0m   [0mUPDATE "users" SET "updated_at" = '2010-09-02 19:15:03', "perishable_token" = 'jT5FyzDXD43EZgCpJiD', "last_request_at" = '2010-09-02 19:15:03' WHERE "id" = 1[0m
Rendering users/show
Completed in 91ms (View: 2, DB: 1) | 200 OK [http://localhost/account]


Processing UsersController#show (for 127.0.0.1 at 2010-09-02 16:15:03) [GET]
  Parameters: {"action"=>"show", "controller"=>"users"}
  [4;36;1mUser Load (0.3ms)[0m   [0;1mSELECT * FROM "users" WHERE ("users"."persistence_token" = 'daeec5298407a7a42b2d97d70e9e6e5f8aba0dffdacd360784d85c04e642aef2889b816fe3c412494a84094fca678c4d0ac781ee2bd03366fafee74ce57f10d5') LIMIT 1[0m
  [4;35;1mUser Update (0.2ms)[0m   [0mUPDATE "users" SET "updated_at" = '2010-09-02 19:15:03', "perishable_token" = '8lhUg3D7WYU5OYMlAtj', "last_request_at" = '2010-09-02 19:15:03' WHERE "id" = 1[0m
Rendering users/show
Completed in 79ms (View: 2, DB: 1) | 200 OK [http://localhost/account]


Processing UsersController#show (for 127.0.0.1 at 2010-09-02 16:15:04) [GET]
  Parameters: {"action"=>"show", "controller"=>"users"}
  [4;36;1mUser Load (0.3ms)[0m   [0;1mSELECT * FROM "users" WHERE ("users"."persistence_token" = 'daeec5298407a7a42b2d97d70e9e6e5f8aba0dffdacd360784d85c04e642aef2889b816fe3c412494a84094fca678c4d0ac781ee2bd03366fafee74ce57f10d5') LIMIT 1[0m
  [4;35;1mUser Update (0.3ms)[0m   [0mUPDATE "users" SET "updated_at" = '2010-09-02 19:15:04', "perishable_token" = 'GYi94GQKHZn7ApkYGRh', "last_request_at" = '2010-09-02 19:15:04' WHERE "id" = 1[0m
Rendering users/show
Completed in 65ms (View: 1, DB: 1) | 200 OK [http://localhost/account]


Processing UsersController#show (for 127.0.0.1 at 2010-09-02 16:15:05) [GET]
  Parameters: {"action"=>"show", "controller"=>"users"}
  [4;36;1mUser Load (0.6ms)[0m   [0;1mSELECT * FROM "users" WHERE ("users"."persistence_token" = 'daeec5298407a7a42b2d97d70e9e6e5f8aba0dffdacd360784d85c04e642aef2889b816fe3c412494a84094fca678c4d0ac781ee2bd03366fafee74ce57f10d5') LIMIT 1[0m
  [4;35;1mUser Update (0.2ms)[0m   [0mUPDATE "users" SET "updated_at" = '2010-09-02 19:15:05', "perishable_token" = '4z1OfiTXfhlMankFCLCi', "last_request_at" = '2010-09-02 19:15:05' WHERE "id" = 1[0m
Rendering users/show
Completed in 70ms (View: 1, DB: 1) | 200 OK [http://localhost/account]


Processing Admin::ClientsController#index (for 127.0.0.1 at 2010-09-02 16:15:15) [GET]
  Parameters: {"action"=>"index", "controller"=>"admin/clients"}
  [4;36;1mClient Load (0.7ms)[0m   [0;1mSELECT * FROM "clients" [0m
Rendering template within layouts/admin_layout
Rendering commons/index
Rendered commons/_search_form (6.9ms)
Rendered admin/clients/_list (1.3ms)
Rendered commons/_session (0.5ms)
Completed in 89ms (View: 83, DB: 1) | 200 OK [http://localhost/admin/clients]


Processing ApplicationController#index (for 127.0.0.1 at 2010-09-02 16:15:15) [GET]

ActionController::RoutingError (No route matches "/stylesheets/admin_custom.css" with {:method=>:get}):
  

Rendering rescues/layout (not_found)
